2023-11-04T10:34:42.780+02:00  INFO 17748 --- [restartedMain] ebe.P_Judakov.s.JAVABOT.Application      : Starting Application using Java 17.0.9 with PID 17748 (C:\Users\pavel\IdeaProjects\judakovs-java-telegrambot-master\target\classes started by pavel in C:\Users\pavel\IdeaProjects\judakovs-java-telegrambot-master)
2023-11-04T10:34:42.796+02:00  INFO 17748 --- [restartedMain] ebe.P_Judakov.s.JAVABOT.Application      : No active profile set, falling back to 1 default profile: "default"
2023-11-04T10:34:42.933+02:00  INFO 17748 --- [restartedMain] .e.DevToolsPropertyDefaultsPostProcessor : Devtools property defaults active! Set 'spring.devtools.add-properties' to 'false' to disable
2023-11-04T10:34:42.936+02:00  INFO 17748 --- [restartedMain] .e.DevToolsPropertyDefaultsPostProcessor : For additional web related logging consider setting the 'logging.level.web' property to 'DEBUG'
2023-11-04T10:34:44.045+02:00  INFO 17748 --- [restartedMain] .s.d.r.c.RepositoryConfigurationDelegate : Bootstrapping Spring Data JPA repositories in DEFAULT mode.
2023-11-04T10:34:44.376+02:00  INFO 17748 --- [restartedMain] .s.d.r.c.RepositoryConfigurationDelegate : Finished Spring Data repository scanning in 304 ms. Found 0 JPA repository interfaces.
2023-11-04T10:34:45.471+02:00  INFO 17748 --- [restartedMain] o.s.b.w.embedded.tomcat.TomcatWebServer  : Tomcat initialized with port(s): 8080 (http)
2023-11-04T10:34:45.488+02:00  INFO 17748 --- [restartedMain] o.apache.catalina.core.StandardService   : Starting service [Tomcat]
2023-11-04T10:34:45.489+02:00  INFO 17748 --- [restartedMain] o.apache.catalina.core.StandardEngine    : Starting Servlet engine: [Apache Tomcat/10.1.15]
2023-11-04T10:34:45.606+02:00  INFO 17748 --- [restartedMain] o.a.c.c.C.[Tomcat].[localhost].[/]       : Initializing Spring embedded WebApplicationContext
2023-11-04T10:34:45.607+02:00  INFO 17748 --- [restartedMain] w.s.c.ServletWebServerApplicationContext : Root WebApplicationContext: initialization completed in 2669 ms
2023-11-04T10:34:45.857+02:00  INFO 17748 --- [restartedMain] o.hibernate.jpa.internal.util.LogHelper  : HHH000204: Processing PersistenceUnitInfo [name: default]
2023-11-04T10:34:45.947+02:00  INFO 17748 --- [restartedMain] org.hibernate.Version                    : HHH000412: Hibernate ORM core version 6.2.13.Final
2023-11-04T10:34:45.950+02:00  INFO 17748 --- [restartedMain] org.hibernate.cfg.Environment            : HHH000406: Using bytecode reflection optimizer
2023-11-04T10:34:46.393+02:00  INFO 17748 --- [restartedMain] o.s.o.j.p.SpringPersistenceUnitInfo      : No LoadTimeWeaver setup: ignoring JPA class transformer
2023-11-04T10:34:46.440+02:00  INFO 17748 --- [restartedMain] com.zaxxer.hikari.HikariDataSource       : HikariPool-1 - Starting...
2023-11-04T10:34:47.032+02:00  INFO 17748 --- [restartedMain] com.zaxxer.hikari.pool.HikariPool        : HikariPool-1 - Added connection com.mysql.cj.jdbc.ConnectionImpl@18dab514
2023-11-04T10:34:47.034+02:00  INFO 17748 --- [restartedMain] com.zaxxer.hikari.HikariDataSource       : HikariPool-1 - Start completed.
2023-11-04T10:34:47.130+02:00  WARN 17748 --- [restartedMain] org.hibernate.orm.deprecation            : HHH90000025: MySQLDialect does not need to be specified explicitly using 'hibernate.dialect' (remove the property setting and it will be selected by default)
2023-11-04T10:34:48.455+02:00  INFO 17748 --- [restartedMain] o.h.e.t.j.p.i.JtaPlatformInitiator       : HHH000489: No JTA platform available (set 'hibernate.transaction.jta.platform' to enable JTA platform integration)
2023-11-04T10:34:48.622+02:00  INFO 17748 --- [restartedMain] j.LocalContainerEntityManagerFactoryBean : Initialized JPA EntityManagerFactory for persistence unit 'default'
2023-11-04T10:34:48.964+02:00  WARN 17748 --- [restartedMain] JpaBaseConfiguration$JpaWebConfiguration : spring.jpa.open-in-view is enabled by default. Therefore, database queries may be performed during view rendering. Explicitly configure spring.jpa.open-in-view to disable this warning
2023-11-04T10:34:49.461+02:00  INFO 17748 --- [restartedMain] o.s.b.d.a.OptionalLiveReloadServer       : LiveReload server is running on port 35729
2023-11-04T10:34:49.501+02:00  INFO 17748 --- [restartedMain] o.s.b.w.embedded.tomcat.TomcatWebServer  : Tomcat started on port(s): 8080 (http) with context path ''
2023-11-04T10:34:49.516+02:00  INFO 17748 --- [restartedMain] ebe.P_Judakov.s.JAVABOT.Application      : Started Application in 7.41 seconds (process running for 8.725)
2023-11-04T10:37:36.624+02:00  INFO 17748 --- [SpringApplicationShutdownHook] j.LocalContainerEntityManagerFactoryBean : Closing JPA EntityManagerFactory for persistence unit 'default'
2023-11-04T10:37:36.627+02:00  INFO 17748 --- [SpringApplicationShutdownHook] com.zaxxer.hikari.HikariDataSource       : HikariPool-1 - Shutdown initiated...
2023-11-04T10:37:36.638+02:00  INFO 17748 --- [SpringApplicationShutdownHook] com.zaxxer.hikari.HikariDataSource       : HikariPool-1 - Shutdown completed.
2023-11-04T10:37:42.898+02:00  INFO 13396 --- [restartedMain] ebe.P_Judakov.s.JAVABOT.Application      : Starting Application using Java 17.0.9 with PID 13396 (C:\Users\pavel\IdeaProjects\judakovs-java-telegrambot-master\target\classes started by pavel in C:\Users\pavel\IdeaProjects\judakovs-java-telegrambot-master)
2023-11-04T10:37:42.901+02:00  INFO 13396 --- [restartedMain] ebe.P_Judakov.s.JAVABOT.Application      : No active profile set, falling back to 1 default profile: "default"
2023-11-04T10:37:42.977+02:00  INFO 13396 --- [restartedMain] .e.DevToolsPropertyDefaultsPostProcessor : Devtools property defaults active! Set 'spring.devtools.add-properties' to 'false' to disable
2023-11-04T10:37:42.977+02:00  INFO 13396 --- [restartedMain] .e.DevToolsPropertyDefaultsPostProcessor : For additional web related logging consider setting the 'logging.level.web' property to 'DEBUG'
2023-11-04T10:37:44.035+02:00  INFO 13396 --- [restartedMain] .s.d.r.c.RepositoryConfigurationDelegate : Bootstrapping Spring Data JPA repositories in DEFAULT mode.
2023-11-04T10:37:44.421+02:00  INFO 13396 --- [restartedMain] .s.d.r.c.RepositoryConfigurationDelegate : Finished Spring Data repository scanning in 370 ms. Found 0 JPA repository interfaces.
2023-11-04T10:37:46.178+02:00  INFO 13396 --- [restartedMain] o.s.b.w.embedded.tomcat.TomcatWebServer  : Tomcat initialized with port(s): 8080 (http)
2023-11-04T10:37:46.192+02:00  INFO 13396 --- [restartedMain] o.apache.catalina.core.StandardService   : Starting service [Tomcat]
2023-11-04T10:37:46.193+02:00  INFO 13396 --- [restartedMain] o.apache.catalina.core.StandardEngine    : Starting Servlet engine: [Apache Tomcat/10.1.15]
2023-11-04T10:37:46.303+02:00  INFO 13396 --- [restartedMain] o.a.c.c.C.[Tomcat].[localhost].[/]       : Initializing Spring embedded WebApplicationContext
2023-11-04T10:37:46.304+02:00  INFO 13396 --- [restartedMain] w.s.c.ServletWebServerApplicationContext : Root WebApplicationContext: initialization completed in 3326 ms
2023-11-04T10:37:46.581+02:00  INFO 13396 --- [restartedMain] o.hibernate.jpa.internal.util.LogHelper  : HHH000204: Processing PersistenceUnitInfo [name: default]
2023-11-04T10:37:46.663+02:00  INFO 13396 --- [restartedMain] org.hibernate.Version                    : HHH000412: Hibernate ORM core version 6.2.13.Final
2023-11-04T10:37:46.666+02:00  INFO 13396 --- [restartedMain] org.hibernate.cfg.Environment            : HHH000406: Using bytecode reflection optimizer
2023-11-04T10:37:47.037+02:00  INFO 13396 --- [restartedMain] o.s.o.j.p.SpringPersistenceUnitInfo      : No LoadTimeWeaver setup: ignoring JPA class transformer
2023-11-04T10:37:47.070+02:00  INFO 13396 --- [restartedMain] com.zaxxer.hikari.HikariDataSource       : HikariPool-1 - Starting...
2023-11-04T10:37:47.514+02:00  INFO 13396 --- [restartedMain] com.zaxxer.hikari.pool.HikariPool        : HikariPool-1 - Added connection com.mysql.cj.jdbc.ConnectionImpl@24311953
2023-11-04T10:37:47.517+02:00  INFO 13396 --- [restartedMain] com.zaxxer.hikari.HikariDataSource       : HikariPool-1 - Start completed.
2023-11-04T10:37:47.578+02:00  WARN 13396 --- [restartedMain] org.hibernate.orm.deprecation            : HHH90000025: MySQLDialect does not need to be specified explicitly using 'hibernate.dialect' (remove the property setting and it will be selected by default)
2023-11-04T10:37:48.880+02:00  INFO 13396 --- [restartedMain] o.h.e.t.j.p.i.JtaPlatformInitiator       : HHH000489: No JTA platform available (set 'hibernate.transaction.jta.platform' to enable JTA platform integration)
2023-11-04T10:37:48.991+02:00  INFO 13396 --- [restartedMain] j.LocalContainerEntityManagerFactoryBean : Initialized JPA EntityManagerFactory for persistence unit 'default'
2023-11-04T10:37:49.298+02:00  WARN 13396 --- [restartedMain] JpaBaseConfiguration$JpaWebConfiguration : spring.jpa.open-in-view is enabled by default. Therefore, database queries may be performed during view rendering. Explicitly configure spring.jpa.open-in-view to disable this warning
2023-11-04T10:37:49.797+02:00  INFO 13396 --- [restartedMain] o.s.b.d.a.OptionalLiveReloadServer       : LiveReload server is running on port 35729
2023-11-04T10:37:49.855+02:00  INFO 13396 --- [restartedMain] o.s.b.w.embedded.tomcat.TomcatWebServer  : Tomcat started on port(s): 8080 (http) with context path ''
2023-11-04T10:37:49.874+02:00  INFO 13396 --- [restartedMain] ebe.P_Judakov.s.JAVABOT.Application      : Started Application in 7.514 seconds (process running for 8.167)
